::1 - - [07/Jul/2022:03:06:33 +0000] "POST /api/login/permisos HTTP/1.1" 200 107 "http://localhost:4200/" "Mozilla/5.0 (Windows NT 10.0; Win64; x64) AppleWebKit/537.36 (KHTML, like Gecko) Chrome/102.0.5005.115 Safari/537.36 OPR/88.0.4412.53"
::1 - - [07/Jul/2022:03:06:33 +0000] "POST /api/entrada/todo HTTP/1.1" 200 2 "http://localhost:4200/" "Mozilla/5.0 (Windows NT 10.0; Win64; x64) AppleWebKit/537.36 (KHTML, like Gecko) Chrome/102.0.5005.115 Safari/537.36 OPR/88.0.4412.53"
::1 - - [07/Jul/2022:03:06:41 +0000] "POST /api/login/permisos HTTP/1.1" 200 101 "http://localhost:4200/" "Mozilla/5.0 (Windows NT 10.0; Win64; x64) AppleWebKit/537.36 (KHTML, like Gecko) Chrome/102.0.5005.115 Safari/537.36 OPR/88.0.4412.53"
::1 - - [07/Jul/2022:03:06:41 +0000] "GET /api/bodegas HTTP/1.1" 200 119 "http://localhost:4200/" "Mozilla/5.0 (Windows NT 10.0; Win64; x64) AppleWebKit/537.36 (KHTML, like Gecko) Chrome/102.0.5005.115 Safari/537.36 OPR/88.0.4412.53"
::1 - - [07/Jul/2022:03:06:46 +0000] "POST /api/login/permisos HTTP/1.1" 200 107 "http://localhost:4200/" "Mozilla/5.0 (Windows NT 10.0; Win64; x64) AppleWebKit/537.36 (KHTML, like Gecko) Chrome/102.0.5005.115 Safari/537.36 OPR/88.0.4412.53"
::1 - - [07/Jul/2022:03:06:46 +0000] "POST /api/entrada/todo HTTP/1.1" 200 2 "http://localhost:4200/" "Mozilla/5.0 (Windows NT 10.0; Win64; x64) AppleWebKit/537.36 (KHTML, like Gecko) Chrome/102.0.5005.115 Safari/537.36 OPR/88.0.4412.53"
::1 - - [07/Jul/2022:03:08:05 +0000] "POST /api/login/permisos HTTP/1.1" 200 111 "http://localhost:4200/" "Mozilla/5.0 (Windows NT 10.0; Win64; x64) AppleWebKit/537.36 (KHTML, like Gecko) Chrome/102.0.5005.115 Safari/537.36 OPR/88.0.4412.53"
::1 - - [07/Jul/2022:03:08:05 +0000] "GET /api/compra/compras HTTP/1.1" 200 2 "http://localhost:4200/" "Mozilla/5.0 (Windows NT 10.0; Win64; x64) AppleWebKit/537.36 (KHTML, like Gecko) Chrome/102.0.5005.115 Safari/537.36 OPR/88.0.4412.53"
::1 - - [07/Jul/2022:03:08:05 +0000] "POST /api/notacreditop/todo HTTP/1.1" 200 2 "http://localhost:4200/" "Mozilla/5.0 (Windows NT 10.0; Win64; x64) AppleWebKit/537.36 (KHTML, like Gecko) Chrome/102.0.5005.115 Safari/537.36 OPR/88.0.4412.53"
::1 - - [07/Jul/2022:03:08:07 +0000] "POST /api/login/permisos HTTP/1.1" 200 107 "http://localhost:4200/" "Mozilla/5.0 (Windows NT 10.0; Win64; x64) AppleWebKit/537.36 (KHTML, like Gecko) Chrome/102.0.5005.115 Safari/537.36 OPR/88.0.4412.53"
::1 - - [07/Jul/2022:03:08:07 +0000] "POST /api/entrada/todo HTTP/1.1" 200 2 "http://localhost:4200/" "Mozilla/5.0 (Windows NT 10.0; Win64; x64) AppleWebKit/537.36 (KHTML, like Gecko) Chrome/102.0.5005.115 Safari/537.36 OPR/88.0.4412.53"
::1 - - [07/Jul/2022:03:08:19 +0000] "GET /api/usuarios HTTP/1.1" 200 139 "http://localhost:4200/" "Mozilla/5.0 (Windows NT 10.0; Win64; x64) AppleWebKit/537.36 (KHTML, like Gecko) Chrome/102.0.5005.115 Safari/537.36 OPR/88.0.4412.53"
::1 - - [07/Jul/2022:03:08:19 +0000] "POST /api/entrada/correlativo HTTP/1.1" 200 2 "http://localhost:4200/" "Mozilla/5.0 (Windows NT 10.0; Win64; x64) AppleWebKit/537.36 (KHTML, like Gecko) Chrome/102.0.5005.115 Safari/537.36 OPR/88.0.4412.53"
::1 - - [07/Jul/2022:03:08:19 +0000] "GET /api/products HTTP/1.1" 200 74999 "http://localhost:4200/" "Mozilla/5.0 (Windows NT 10.0; Win64; x64) AppleWebKit/537.36 (KHTML, like Gecko) Chrome/102.0.5005.115 Safari/537.36 OPR/88.0.4412.53"
::1 - - [07/Jul/2022:03:08:19 +0000] "POST /api/bodegas/bodega HTTP/1.1" 200 119 "http://localhost:4200/" "Mozilla/5.0 (Windows NT 10.0; Win64; x64) AppleWebKit/537.36 (KHTML, like Gecko) Chrome/102.0.5005.115 Safari/537.36 OPR/88.0.4412.53"
::1 - - [07/Jul/2022:03:09:05 +0000] "POST /api/login/permisos HTTP/1.1" 200 107 "http://localhost:4200/" "Mozilla/5.0 (Windows NT 10.0; Win64; x64) AppleWebKit/537.36 (KHTML, like Gecko) Chrome/102.0.5005.115 Safari/537.36 OPR/88.0.4412.53"
::1 - - [07/Jul/2022:03:09:05 +0000] "POST /api/entrada/todo HTTP/1.1" 200 2 "http://localhost:4200/" "Mozilla/5.0 (Windows NT 10.0; Win64; x64) AppleWebKit/537.36 (KHTML, like Gecko) Chrome/102.0.5005.115 Safari/537.36 OPR/88.0.4412.53"
::1 - - [07/Jul/2022:03:09:07 +0000] "GET /api/usuarios HTTP/1.1" 304 - "http://localhost:4200/" "Mozilla/5.0 (Windows NT 10.0; Win64; x64) AppleWebKit/537.36 (KHTML, like Gecko) Chrome/102.0.5005.115 Safari/537.36 OPR/88.0.4412.53"
::1 - - [07/Jul/2022:03:09:07 +0000] "POST /api/entrada/correlativo HTTP/1.1" 200 2 "http://localhost:4200/" "Mozilla/5.0 (Windows NT 10.0; Win64; x64) AppleWebKit/537.36 (KHTML, like Gecko) Chrome/102.0.5005.115 Safari/537.36 OPR/88.0.4412.53"
::1 - - [07/Jul/2022:03:09:07 +0000] "POST /api/bodegas/bodega HTTP/1.1" 200 119 "http://localhost:4200/" "Mozilla/5.0 (Windows NT 10.0; Win64; x64) AppleWebKit/537.36 (KHTML, like Gecko) Chrome/102.0.5005.115 Safari/537.36 OPR/88.0.4412.53"
::1 - - [07/Jul/2022:03:09:07 +0000] "GET /api/products HTTP/1.1" 304 - "http://localhost:4200/" "Mozilla/5.0 (Windows NT 10.0; Win64; x64) AppleWebKit/537.36 (KHTML, like Gecko) Chrome/102.0.5005.115 Safari/537.36 OPR/88.0.4412.53"
::1 - - [07/Jul/2022:03:10:05 +0000] "POST /api/login/permisos HTTP/1.1" 200 107 "http://localhost:4200/" "Mozilla/5.0 (Windows NT 10.0; Win64; x64) AppleWebKit/537.36 (KHTML, like Gecko) Chrome/102.0.5005.115 Safari/537.36 OPR/88.0.4412.53"
::1 - - [07/Jul/2022:03:10:05 +0000] "POST /api/entrada/todo HTTP/1.1" 200 2 "http://localhost:4200/" "Mozilla/5.0 (Windows NT 10.0; Win64; x64) AppleWebKit/537.36 (KHTML, like Gecko) Chrome/102.0.5005.115 Safari/537.36 OPR/88.0.4412.53"
::1 - - [07/Jul/2022:03:10:07 +0000] "GET /api/usuarios HTTP/1.1" 304 - "http://localhost:4200/" "Mozilla/5.0 (Windows NT 10.0; Win64; x64) AppleWebKit/537.36 (KHTML, like Gecko) Chrome/102.0.5005.115 Safari/537.36 OPR/88.0.4412.53"
::1 - - [07/Jul/2022:03:10:07 +0000] "POST /api/entrada/correlativo HTTP/1.1" 200 279 "http://localhost:4200/" "Mozilla/5.0 (Windows NT 10.0; Win64; x64) AppleWebKit/537.36 (KHTML, like Gecko) Chrome/102.0.5005.115 Safari/537.36 OPR/88.0.4412.53"
::1 - - [07/Jul/2022:03:10:07 +0000] "POST /api/bodegas/bodega HTTP/1.1" 200 119 "http://localhost:4200/" "Mozilla/5.0 (Windows NT 10.0; Win64; x64) AppleWebKit/537.36 (KHTML, like Gecko) Chrome/102.0.5005.115 Safari/537.36 OPR/88.0.4412.53"
::1 - - [07/Jul/2022:03:10:07 +0000] "GET /api/products HTTP/1.1" 304 - "http://localhost:4200/" "Mozilla/5.0 (Windows NT 10.0; Win64; x64) AppleWebKit/537.36 (KHTML, like Gecko) Chrome/102.0.5005.115 Safari/537.36 OPR/88.0.4412.53"
::1 - - [07/Jul/2022:03:10:09 +0000] "POST /api/entrada/correlativoOne HTTP/1.1" 200 279 "http://localhost:4200/" "Mozilla/5.0 (Windows NT 10.0; Win64; x64) AppleWebKit/537.36 (KHTML, like Gecko) Chrome/102.0.5005.115 Safari/537.36 OPR/88.0.4412.53"
::1 - - [07/Jul/2022:03:10:09 +0000] "POST /api/entrada/formato HTTP/1.1" 200 23 "http://localhost:4200/" "Mozilla/5.0 (Windows NT 10.0; Win64; x64) AppleWebKit/537.36 (KHTML, like Gecko) Chrome/102.0.5005.115 Safari/537.36 OPR/88.0.4412.53"
